<?xml version="1.0" encoding="UTF-8"?>
<testsuite name="com.mprog.service.SessionSocketServerTest" tests="1" skipped="0" failures="0" errors="0" timestamp="2021-05-25T08:44:55" hostname="asus" time="0.837">
  <properties/>
  <testcase name="givenSomeName_whenGetClientsName_thenReturnName()" classname="com.mprog.service.SessionSocketServerTest" time="0.837"/>
  <system-out><![CDATA[]]></system-out>
  <system-err><![CDATA[]]></system-err>
</testsuite>
