<?xml version="1.0" encoding="UTF-8"?>
<testsuite name="com.mprog.service.SessionSocketServerTest" tests="2" skipped="0" failures="0" errors="0" timestamp="2021-05-26T13:01:17" hostname="asus" time="1.079">
  <properties/>
  <testcase name="givenSomeName_whenGetClientsName_thenReturnName()" classname="com.mprog.service.SessionSocketServerTest" time="1.069"/>
  <testcase name="givenString_whenParseStringToInteger_thenReturnInteger()" classname="com.mprog.service.SessionSocketServerTest" time="0.008"/>
  <system-out><![CDATA[]]></system-out>
  <system-err><![CDATA[]]></system-err>
</testsuite>
