<?xml version="1.0" encoding="UTF-8"?>
<testsuite name="com.mprog.dao.UserDaoTest" tests="1" skipped="0" failures="0" errors="0" timestamp="2021-05-26T10:15:56" hostname="asus" time="0.43">
  <properties/>
  <testcase name="findByEmailAndPassword()" classname="com.mprog.dao.UserDaoTest" time="0.43"/>
  <system-out><![CDATA[]]></system-out>
  <system-err><![CDATA[]]></system-err>
</testsuite>
